[PREINITIALIZATION][SERVER][INFO] Thank you to the Patreon supporters below and others who make CraftTweaker possible!
Belathus
Ivy_
NickT
Quaternary
Genryu
Spencer Gilbert
Hooley
Lucas
Ncc1702
Jellycraft
Pongo Sapiens
Jordan Pineo
Peregrinus11
Zuniroa
Jessie Sims
Jonathan McManus
DreamThorn
embeddedt
NerdyWhiteGuy
If you want to support the mod, checkout https://patreon.com/jaredlll08?s=crtmod

[PREINITIALIZATION][SERVER][INFO] Current loaders after merging: [[preinit]]
[PREINITIALIZATION][SERVER][INFO] Loading scripts for loader with names [preinit]
[PREINITIALIZATION][SERVER][INFO] Completed script loading in: 1ms
[PREINITIALIZATION][SERVER][INFO] Current loaders after merging: [[preinit], [gamestagebooks]]
[PREINITIALIZATION][SERVER][INFO] Loading scripts for loader with names [gamestagebooks]
[PREINITIALIZATION][SERVER][INFO] Completed script loading in: 0ms
[INITIALIZATION][SERVER][INFO] CraftTweaker: Building registry
[INITIALIZATION][SERVER][INFO] CraftTweaker: Successfully built item registry
[INITIALIZATION][SERVER][INFO] Current loaders after merging: [[preinit], [gamestagebooks], [recipeevent | crafttweaker]]
[INITIALIZATION][SERVER][INFO] Loading scripts for loader with names [crafttweaker | recipeevent]
[INITIALIZATION][SERVER][INFO] Completed script loading in: 0ms
[POSTINITIALIZATION][SERVER][INFO] Removing recipes for various outputs
[POSTINITIALIZATION][SERVER][INFO] Applying MrCrayfish's Furniture Mod changes...
